{
  "0 debug pnpm:scope": {
    "selected": 1,
    "workspacePrefix": "/home/ibrahim/Projects/al-madrasah/cms"
  },
  "1 error pnpm": {
    "code": "ELIFECYCLE",
    "errno": "ENOENT",
    "syscall": "spawn",
    "file": "sh",
    "pkgid": "@directus/app@9.0.0-rc.99",
    "stage": "build",
    "script": "vite build",
    "pkgname": "@directus/app",
    "err": {
      "name": "pnpm",
      "message": "@directus/app@9.0.0-rc.99 build: `vite build`\nspawn ENOENT",
      "code": "ELIFECYCLE",
      "stack": "pnpm: @directus/app@9.0.0-rc.99 build: `vite build`\nspawn ENOENT\n    at ChildProcess.<anonymous> (/home/ibrahim/.nvm/versions/node/v16.12.0/pnpm-global/5/node_modules/.pnpm/pnpm@6.19.0/node_modules/pnpm/dist/pnpm.cjs:92961:22)\n    at ChildProcess.emit (node:events:390:28)\n    at maybeClose (node:internal/child_process:1064:16)\n    at Process.ChildProcess._handle.onexit (node:internal/child_process:301:5)"
    }
  },
  "2 warn pnpm:global": " Local package.json exists, but node_modules missing, did you mean to install?"
}